<?xml version="1.0" encoding="UTF-8"?>
<!-- Generated by org.testng.reporters.JUnitXMLReporter -->
<testsuite ignored="0" hostname="shiv-Inspiron-N5110" failures="1" tests="1" name="Default test" time="10.458" errors="0" timestamp="2025-06-20T08:34:34 IST">
  <testcase classname="io.cucumber.testng.AbstractTestNGCucumberTests" name="runScenario" time="9.837">
    <failure type="java.lang.AssertionError" message="[VERIFICATION - FAIL] some message">
      <![CDATA[java.lang.AssertionError: [VERIFICATION - FAIL] some message
at org.testng.Assert.fail(Assert.java:111)
at customized.WrappedAssert.assertTrue(WrappedAssert.java:41)
at stepDefinitions.Pagec.read_the_title_of_page(Pagec.java:10)
at ✽.read the title of page(classpath:features//firstFeaturefile.feature:8)
]]>
    </failure>
  </testcase> <!-- runScenario -->
</testsuite> <!-- Default test -->
