<?xml version="1.0" encoding="UTF-8"?>
<!-- Generated by org.testng.reporters.JUnitXMLReporter -->
<testsuite ignored="0" hostname="shiv-Inspiron-N5110" failures="3" tests="3" name="execution done using mvn command" time="7.225" errors="0" timestamp="2025-06-20T10:43:49 IST">
  <testcase classname="io.cucumber.testng.AbstractTestNGCucumberTests" name="runScenario" time="6.076">
    <failure type="java.lang.NullPointerException" message="Cannot invoke &amp;quot;com.aventstack.extentreports.ExtentReports.createTest(String)&amp;quot; because &amp;quot;report.ExtentFactory.report&amp;quot; is null">
      <![CDATA[java.lang.NullPointerException: Cannot invoke "com.aventstack.extentreports.ExtentReports.createTest(String)" because "report.ExtentFactory.report" is null
at report.ExtentFactory.createOrGetTest(ExtentFactory.java:53)
at hooks.ApplicationHooks.beforeScenarios(ApplicationHooks.java:35)
]]>
    </failure>
  </testcase> <!-- runScenario -->
  <testcase classname="io.cucumber.testng.AbstractTestNGCucumberTests" name="runScenario" time="6.46">
    <failure type="java.lang.NullPointerException" message="Cannot invoke &amp;quot;com.aventstack.extentreports.ExtentReports.createTest(String)&amp;quot; because &amp;quot;report.ExtentFactory.report&amp;quot; is null">
      <![CDATA[java.lang.NullPointerException: Cannot invoke "com.aventstack.extentreports.ExtentReports.createTest(String)" because "report.ExtentFactory.report" is null
at report.ExtentFactory.createOrGetTest(ExtentFactory.java:53)
at hooks.ApplicationHooks.beforeScenarios(ApplicationHooks.java:35)
]]>
    </failure>
  </testcase> <!-- runScenario -->
  <testcase classname="io.cucumber.testng.AbstractTestNGCucumberTests" name="runScenario" time="6.898">
    <failure type="java.lang.NullPointerException" message="Cannot invoke &amp;quot;com.aventstack.extentreports.ExtentReports.createTest(String)&amp;quot; because &amp;quot;report.ExtentFactory.report&amp;quot; is null">
      <![CDATA[java.lang.NullPointerException: Cannot invoke "com.aventstack.extentreports.ExtentReports.createTest(String)" because "report.ExtentFactory.report" is null
at report.ExtentFactory.createOrGetTest(ExtentFactory.java:53)
at hooks.ApplicationHooks.beforeScenarios(ApplicationHooks.java:35)
]]>
    </failure>
  </testcase> <!-- runScenario -->
</testsuite> <!-- execution done using mvn command -->
