<?xml version="1.0" encoding="UTF-8"?>
<!-- Generated by org.testng.reporters.JUnitXMLReporter -->
<testsuite ignored="0" hostname="shiv-Inspiron-N5110" failures="3" tests="3" name="execution NOT done using mvn command" time="14.208" errors="0" timestamp="2025-06-20T09:00:11 IST">
  <testcase classname="io.cucumber.testng.AbstractTestNGCucumberTests" name="runScenario" time="12.597">
    <failure type="java.lang.AssertionError" message="[VERIFICATION - FAIL] some message">
      <![CDATA[java.lang.AssertionError: [VERIFICATION - FAIL] some message
at customized.WrappedAssert.assertTrue(WrappedAssert.java:41)
at stepDefinitions.Pagec.read_the_title_of_page(Pagec.java:10)
at ✽.read the title of page(classpath:features//firstFeaturefile.feature:16)
... Removed 1 stack frames]]>
    </failure>
  </testcase> <!-- runScenario -->
  <testcase classname="io.cucumber.testng.AbstractTestNGCucumberTests" name="runScenario" time="13.241">
    <failure type="java.lang.AssertionError" message="[VERIFICATION - FAIL] some message">
      <![CDATA[java.lang.AssertionError: [VERIFICATION - FAIL] some message
at customized.WrappedAssert.assertTrue(WrappedAssert.java:41)
at stepDefinitions.Pagec.read_the_title_of_page(Pagec.java:10)
at ✽.read the title of page(classpath:features//firstFeaturefile.feature:8)
... Removed 1 stack frames]]>
    </failure>
  </testcase> <!-- runScenario -->
  <testcase classname="io.cucumber.testng.AbstractTestNGCucumberTests" name="runScenario" time="13.339">
    <failure type="java.lang.AssertionError" message="[VERIFICATION - FAIL] some message">
      <![CDATA[java.lang.AssertionError: [VERIFICATION - FAIL] some message
at customized.WrappedAssert.assertTrue(WrappedAssert.java:41)
at stepDefinitions.Pagec.read_the_title_of_page(Pagec.java:10)
at ✽.read the title of page(classpath:features//firstFeaturefile.feature:12)
... Removed 1 stack frames]]>
    </failure>
  </testcase> <!-- runScenario -->
</testsuite> <!-- execution NOT done using mvn command -->
