<?xml version="1.0" encoding="UTF-8"?>
<testng-results ignored="0" total="3" passed="0" failed="3" skipped="0">
  <reporter-output>
  </reporter-output>
  <suite started-at="2025-06-20T10:43:42 IST" name="TestNG Suite" finished-at="2025-06-20T10:43:49 IST" duration-ms="7225">
    <groups>
      <group name="cucumber">
        <method signature="AbstractTestNGCucumberTests.runScenario(io.cucumber.testng.PickleWrapper,io.cucumber.testng.FeatureWrapper)[pri:0, instance:runner.ReRunTestRunner@2d1b1423]" name="runScenario" class="io.cucumber.testng.AbstractTestNGCucumberTests"/>
      </group> <!-- cucumber -->
    </groups>
    <test started-at="2025-06-20T10:43:42 IST" name="execution done using mvn command" finished-at="2025-06-20T10:43:49 IST" duration-ms="7225">
      <class name="runner.ReRunTestRunner">
        <test-method is-config="true" signature="setUpClass(org.testng.ITestContext)[pri:0, instance:runner.ReRunTestRunner@2d1b1423]" started-at="2025-06-20T10:43:42 IST" name="setUpClass" finished-at="2025-06-20T10:43:42 IST" duration-ms="26" status="PASS">
          <params>
            <param index="0">
              <value>
                <![CDATA[org.testng.TestRunner@52f4d561]]>
              </value>
            </param>
          </params>
          <reporter-output>
          </reporter-output>
        </test-method> <!-- setUpClass -->
        <test-method signature="runScenario(io.cucumber.testng.PickleWrapper,io.cucumber.testng.FeatureWrapper)[pri:0, instance:runner.ReRunTestRunner@2d1b1423]" started-at="2025-06-20T10:43:42 IST" name="runScenario" description="Runs Cucumber Scenarios" data-provider="scenarios" finished-at="2025-06-20T10:43:48 IST" duration-ms="6076" status="FAIL">
          <params>
            <param index="0">
              <value>
                <![CDATA["sceario 1"]]>
              </value>
            </param>
            <param index="1">
              <value>
                <![CDATA["Title of your feature"]]>
              </value>
            </param>
          </params>
          <exception class="java.lang.NullPointerException">
            <message>
              <![CDATA[Cannot invoke "com.aventstack.extentreports.ExtentReports.createTest(String)" because "report.ExtentFactory.report" is null]]>
            </message>
            <full-stacktrace>
              <![CDATA[java.lang.NullPointerException: Cannot invoke "com.aventstack.extentreports.ExtentReports.createTest(String)" because "report.ExtentFactory.report" is null
at report.ExtentFactory.createOrGetTest(ExtentFactory.java:53)
at hooks.ApplicationHooks.beforeScenarios(ApplicationHooks.java:35)
]]>
            </full-stacktrace>
          </exception> <!-- java.lang.NullPointerException -->
          <reporter-output>
          </reporter-output>
        </test-method> <!-- runScenario -->
        <test-method signature="runScenario(io.cucumber.testng.PickleWrapper,io.cucumber.testng.FeatureWrapper)[pri:0, instance:runner.ReRunTestRunner@2d1b1423]" started-at="2025-06-20T10:43:42 IST" name="runScenario" description="Runs Cucumber Scenarios" data-provider="scenarios" finished-at="2025-06-20T10:43:49 IST" duration-ms="6460" status="FAIL">
          <params>
            <param index="0">
              <value>
                <![CDATA["sceario 2"]]>
              </value>
            </param>
            <param index="1">
              <value>
                <![CDATA["Title of your feature"]]>
              </value>
            </param>
          </params>
          <exception class="java.lang.NullPointerException">
            <message>
              <![CDATA[Cannot invoke "com.aventstack.extentreports.ExtentReports.createTest(String)" because "report.ExtentFactory.report" is null]]>
            </message>
            <full-stacktrace>
              <![CDATA[java.lang.NullPointerException: Cannot invoke "com.aventstack.extentreports.ExtentReports.createTest(String)" because "report.ExtentFactory.report" is null
at report.ExtentFactory.createOrGetTest(ExtentFactory.java:53)
at hooks.ApplicationHooks.beforeScenarios(ApplicationHooks.java:35)
]]>
            </full-stacktrace>
          </exception> <!-- java.lang.NullPointerException -->
          <reporter-output>
          </reporter-output>
        </test-method> <!-- runScenario -->
        <test-method signature="runScenario(io.cucumber.testng.PickleWrapper,io.cucumber.testng.FeatureWrapper)[pri:0, instance:runner.ReRunTestRunner@2d1b1423]" started-at="2025-06-20T10:43:42 IST" name="runScenario" description="Runs Cucumber Scenarios" data-provider="scenarios" finished-at="2025-06-20T10:43:49 IST" duration-ms="6898" status="FAIL">
          <params>
            <param index="0">
              <value>
                <![CDATA["sceario 3"]]>
              </value>
            </param>
            <param index="1">
              <value>
                <![CDATA["Title of your feature"]]>
              </value>
            </param>
          </params>
          <exception class="java.lang.NullPointerException">
            <message>
              <![CDATA[Cannot invoke "com.aventstack.extentreports.ExtentReports.createTest(String)" because "report.ExtentFactory.report" is null]]>
            </message>
            <full-stacktrace>
              <![CDATA[java.lang.NullPointerException: Cannot invoke "com.aventstack.extentreports.ExtentReports.createTest(String)" because "report.ExtentFactory.report" is null
at report.ExtentFactory.createOrGetTest(ExtentFactory.java:53)
at hooks.ApplicationHooks.beforeScenarios(ApplicationHooks.java:35)
]]>
            </full-stacktrace>
          </exception> <!-- java.lang.NullPointerException -->
          <reporter-output>
          </reporter-output>
        </test-method> <!-- runScenario -->
        <test-method is-config="true" signature="tearDown()[pri:0, instance:runner.ReRunTestRunner@2d1b1423]" started-at="2025-06-20T10:43:48 IST" name="tearDown" finished-at="2025-06-20T10:43:49 IST" duration-ms="701" status="PASS">
          <reporter-output>
          </reporter-output>
        </test-method> <!-- tearDown -->
        <test-method is-config="true" signature="tearDown()[pri:0, instance:runner.ReRunTestRunner@2d1b1423]" started-at="2025-06-20T10:43:49 IST" name="tearDown" finished-at="2025-06-20T10:43:49 IST" duration-ms="554" status="PASS">
          <reporter-output>
          </reporter-output>
        </test-method> <!-- tearDown -->
        <test-method is-config="true" signature="tearDown()[pri:0, instance:runner.ReRunTestRunner@2d1b1423]" started-at="2025-06-20T10:43:49 IST" name="tearDown" finished-at="2025-06-20T10:43:49 IST" duration-ms="286" status="PASS">
          <reporter-output>
          </reporter-output>
        </test-method> <!-- tearDown -->
        <test-method is-config="true" signature="tearDownClass()[pri:0, instance:runner.ReRunTestRunner@2d1b1423]" started-at="2025-06-20T10:43:49 IST" name="tearDownClass" finished-at="2025-06-20T10:43:49 IST" duration-ms="1" status="PASS">
          <reporter-output>
          </reporter-output>
        </test-method> <!-- tearDownClass -->
      </class> <!-- runner.ReRunTestRunner -->
    </test> <!-- execution done using mvn command -->
  </suite> <!-- TestNG Suite -->
</testng-results>
